<?xml version="1.0" encoding="UTF-8"?>
<!-- Generated by org.testng.reporters.JUnitXMLReporter -->
<testsuite hostname="Abhijit" name="Hub Spot App Regression Test Cases" tests="2" failures="2" timestamp="7 Aug 2019 16:00:28 GMT" time="31.662" errors="0">
  <testcase name="verifyLoginPageTitleTest" time="0.12" classname="com.qa.hubspot.tests.LoginPageTest">
    <failure type="java.lang.NoSuchMethodError" message="org.testng.ITestNGMethod.getQualifiedName()Ljava/lang/String;">
      <![CDATA[java.lang.NoSuchMethodError: org.testng.ITestNGMethod.getQualifiedName()Ljava/lang/String;
	at com.qa.hubspot.listeners.ExtentReportListener.onTestStart(ExtentReportListener.java:68)
... Removed 22 stack frames]]>
    </failure>
  </testcase> <!-- verifyLoginPageTitleTest -->
  <testcase name="verifyLoginPageTitleTest" time="31.297" classname="com.qa.hubspot.tests.LoginPageTest">
    <failure type="java.lang.NullPointerException">
      <![CDATA[java.lang.NullPointerException
	at com.qa.hubspot.listeners.ExtentReportListener.onTestFailure(ExtentReportListener.java:96)
... Removed 22 stack frames]]>
    </failure>
  </testcase> <!-- verifyLoginPageTitleTest -->
</testsuite> <!-- Hub Spot App Regression Test Cases -->
