<?xml version="1.0" encoding="UTF-8"?>
<!-- Generated by org.testng.reporters.JUnitXMLReporter -->
<testsuite hostname="Abhijit" name="Hub Spot App Sanity Test Cases" tests="2" failures="2" timestamp="26 Jul 2019 22:47:16 GMT" time="22.239" errors="0">
  <testcase name="verifyLoginPageTitleTest" time="0.012" classname="com.qa.hubspot.tests.LoginPageTest">
    <failure type="java.lang.NoSuchMethodError" message="org.testng.ITestNGMethod.getQualifiedName()Ljava/lang/String;">
      <![CDATA[java.lang.NoSuchMethodError: org.testng.ITestNGMethod.getQualifiedName()Ljava/lang/String;
	at com.qa.hubspot.listeners.ExtentReportListener.onTestStart(ExtentReportListener.java:68)
... Removed 22 stack frames]]>
    </failure>
  </testcase> <!-- verifyLoginPageTitleTest -->
  <testcase name="verifyLoginPageTitleTest" time="22.203" classname="com.qa.hubspot.tests.LoginPageTest">
    <failure type="java.lang.NullPointerException">
      <![CDATA[java.lang.NullPointerException
	at com.qa.hubspot.base.BasePage.getScreenshot(BasePage.java:84)
	at com.qa.hubspot.listeners.ExtentReportListener.onTestFailure(ExtentReportListener.java:97)
... Removed 22 stack frames]]>
    </failure>
  </testcase> <!-- verifyLoginPageTitleTest -->
</testsuite> <!-- Hub Spot App Sanity Test Cases -->
