<?xml version="1.0" encoding="UTF-8"?>
<testng-results skipped="0" failed="0" total="2" passed="2">
  <reporter-output>
  </reporter-output>
  <suite name="Hub Spot Sanity Test Automation Suite" duration-ms="54260" started-at="2019-08-06T05:38:38Z" finished-at="2019-08-06T05:39:32Z">
    <groups>
    </groups>
    <test name="Hub Spot App Regression Test Cases" duration-ms="54260" started-at="2019-08-06T05:38:38Z" finished-at="2019-08-06T05:39:32Z">
      <class name="com.qa.hubspot.tests.LoginPageTest">
        <test-method status="PASS" signature="setup()[pri:0, instance:com.qa.hubspot.tests.LoginPageTest@2d10e0b1]" name="setup" is-config="true" duration-ms="28684" started-at="2019-08-06T01:38:38Z" finished-at="2019-08-06T01:39:07Z">
          <reporter-output>
          </reporter-output>
        </test-method> <!-- setup -->
        <test-method status="PASS" signature="verifyLoginPageTitleTest()[pri:1, instance:com.qa.hubspot.tests.LoginPageTest@2d10e0b1]" name="verifyLoginPageTitleTest" duration-ms="486" started-at="2019-08-06T01:39:07Z" finished-at="2019-08-06T01:39:07Z">
          <reporter-output>
          </reporter-output>
        </test-method> <!-- verifyLoginPageTitleTest -->
        <test-method status="PASS" signature="tearDown()[pri:0, instance:com.qa.hubspot.tests.LoginPageTest@2d10e0b1]" name="tearDown" is-config="true" duration-ms="880" started-at="2019-08-06T01:39:07Z" finished-at="2019-08-06T01:39:08Z">
          <reporter-output>
          </reporter-output>
        </test-method> <!-- tearDown -->
        <test-method status="PASS" signature="setup()[pri:0, instance:com.qa.hubspot.tests.LoginPageTest@2d10e0b1]" name="setup" is-config="true" duration-ms="23129" started-at="2019-08-06T01:39:08Z" finished-at="2019-08-06T01:39:31Z">
          <reporter-output>
          </reporter-output>
        </test-method> <!-- setup -->
        <test-method status="PASS" signature="verifySignUpLinkTest()[pri:2, instance:com.qa.hubspot.tests.LoginPageTest@2d10e0b1]" name="verifySignUpLinkTest" duration-ms="125" started-at="2019-08-06T01:39:31Z" finished-at="2019-08-06T01:39:31Z">
          <reporter-output>
          </reporter-output>
        </test-method> <!-- verifySignUpLinkTest -->
        <test-method status="PASS" signature="tearDown()[pri:0, instance:com.qa.hubspot.tests.LoginPageTest@2d10e0b1]" name="tearDown" is-config="true" duration-ms="768" started-at="2019-08-06T01:39:31Z" finished-at="2019-08-06T01:39:32Z">
          <reporter-output>
          </reporter-output>
        </test-method> <!-- tearDown -->
      </class> <!-- com.qa.hubspot.tests.LoginPageTest -->
    </test> <!-- Hub Spot App Regression Test Cases -->
  </suite> <!-- Hub Spot Sanity Test Automation Suite -->
</testng-results>
